{"level":"info","message":"::1 - - [15/Jul/2019:22:57:21 +0000] \"GET / HTTP/1.1\" 304 -\n","timestamp":"2019-07-15T22:57:21.256Z"}
{"level":"info","message":"::1 - - [15/Jul/2019:22:57:21 +0000] \"GET /favicon.ico HTTP/1.1\" 404 24\n","timestamp":"2019-07-15T22:57:21.367Z"}
{"level":"info","message":"::1 - - [15/Jul/2019:22:59:11 +0000] \"GET /tasks HTTP/1.1\" 401 -\n","timestamp":"2019-07-15T22:59:11.525Z"}
{"level":"info","message":"::1 - - [15/Jul/2019:22:59:12 +0000] \"GET /tasks HTTP/1.1\" 401 -\n","timestamp":"2019-07-15T22:59:12.874Z"}
{"level":"info","message":"::1 - - [15/Jul/2019:23:22:57 +0000] \"GET / HTTP/1.1\" 304 -\n","timestamp":"2019-07-15T23:22:57.563Z"}
{"level":"info","message":"::1 - - [15/Jul/2019:23:23:01 +0000] \"GET /tasks HTTP/1.1\" 401 -\n","timestamp":"2019-07-15T23:23:01.805Z"}
{"level":"info","message":"::1 - - [15/Jul/2019:23:23:02 +0000] \"GET /tasks HTTP/1.1\" 401 -\n","timestamp":"2019-07-15T23:23:02.716Z"}
{"level":"info","message":"::1 - - [16/Jul/2019:13:21:52 +0000] \"GET / HTTP/1.1\" 200 29\n","timestamp":"2019-07-16T13:21:52.143Z"}
{"level":"info","message":"::1 - - [16/Jul/2019:13:21:52 +0000] \"GET /favicon.ico HTTP/1.1\" 404 24\n","timestamp":"2019-07-16T13:21:52.195Z"}
{"level":"info","message":"::1 - - [16/Jul/2019:13:23:20 +0000] \"OPTIONS /users HTTP/1.1\" 204 -\n","timestamp":"2019-07-16T13:23:20.836Z"}
{"level":"info","message":"::1 - - [16/Jul/2019:13:23:21 +0000] \"POST /users HTTP/1.1\" 200 247\n","timestamp":"2019-07-16T13:23:21.365Z"}
{"level":"info","message":"::1 - - [16/Jul/2019:16:10:47 +0000] \"OPTIONS /users HTTP/1.1\" 204 -\n","timestamp":"2019-07-16T16:10:47.236Z"}
{"level":"info","message":"::1 - - [16/Jul/2019:16:10:47 +0000] \"POST /users HTTP/1.1\" 200 245\n","timestamp":"2019-07-16T16:10:47.550Z"}
{"level":"info","message":"::1 - - [16/Jul/2019:16:11:39 +0000] \"OPTIONS /token HTTP/1.1\" 204 -\n","timestamp":"2019-07-16T16:11:39.202Z"}
{"level":"info","message":"::1 - - [16/Jul/2019:16:11:39 +0000] \"POST /token HTTP/1.1\" 200 111\n","timestamp":"2019-07-16T16:11:39.315Z"}
{"level":"info","message":"::1 - - [16/Jul/2019:16:11:49 +0000] \"OPTIONS /token HTTP/1.1\" 204 -\n","timestamp":"2019-07-16T16:11:49.152Z"}
{"level":"info","message":"::1 - - [16/Jul/2019:16:11:49 +0000] \"POST /token HTTP/1.1\" 401 12\n","timestamp":"2019-07-16T16:11:49.246Z"}
{"level":"info","message":"::1 - - [16/Jul/2019:16:11:58 +0000] \"OPTIONS /token HTTP/1.1\" 204 -\n","timestamp":"2019-07-16T16:11:58.343Z"}
{"level":"info","message":"::1 - - [16/Jul/2019:16:11:58 +0000] \"POST /token HTTP/1.1\" 401 12\n","timestamp":"2019-07-16T16:11:58.354Z"}
{"level":"info","message":"::1 - - [16/Jul/2019:16:12:46 +0000] \"OPTIONS /users HTTP/1.1\" 204 -\n","timestamp":"2019-07-16T16:12:46.688Z"}
{"level":"info","message":"::1 - - [16/Jul/2019:16:12:46 +0000] \"POST /users HTTP/1.1\" 412 155\n","timestamp":"2019-07-16T16:12:46.701Z"}
{"level":"info","message":"::1 - - [16/Jul/2019:16:13:03 +0000] \"OPTIONS /users HTTP/1.1\" 204 -\n","timestamp":"2019-07-16T16:13:03.432Z"}
{"level":"info","message":"::1 - - [16/Jul/2019:16:13:03 +0000] \"POST /users HTTP/1.1\" 412 61\n","timestamp":"2019-07-16T16:13:03.437Z"}
{"level":"info","message":"::1 - - [16/Jul/2019:16:13:09 +0000] \"OPTIONS /users HTTP/1.1\" 204 -\n","timestamp":"2019-07-16T16:13:09.176Z"}
{"level":"info","message":"::1 - - [16/Jul/2019:16:13:09 +0000] \"POST /users HTTP/1.1\" 200 231\n","timestamp":"2019-07-16T16:13:09.470Z"}
{"level":"info","message":"::1 - - [16/Jul/2019:16:13:13 +0000] \"OPTIONS /token HTTP/1.1\" 204 -\n","timestamp":"2019-07-16T16:13:13.605Z"}
{"level":"info","message":"::1 - - [16/Jul/2019:16:13:13 +0000] \"POST /token HTTP/1.1\" 401 12\n","timestamp":"2019-07-16T16:13:13.608Z"}
